{"C:\\Users\\matan\\OneDrive\\שולחן העבודה\\Shlomi staff\\other\\colman\\website tasks\\internatiot\\colman-web-applications-assignments\\swaggerConfig.ts": {"path":"C:\\Users\\matan\\OneDrive\\שולחן העבודה\\Shlomi staff\\other\\colman\\website tasks\\internatiot\\colman-web-applications-assignments\\swaggerConfig.ts","statementMap":{"0":{"start":{"line":1,"column":0},"end":{"line":1,"column":54}},"1":{"start":{"line":2,"column":0},"end":{"line":2,"column":7}},"2":{"start":{"line":23,"column":9},"end":{"line":2,"column":43}},"3":{"start":{"line":4,"column":25},"end":{"line":19,"column":2}},"4":{"start":{"line":21,"column":14},"end":{"line":21,"column":35}},"5":{"start":{"line":23,"column":20},"end":{"line":23,"column":25}}},"fnMap":{},"branchMap":{},"s":{"0":3,"1":3,"2":3,"3":3,"4":3,"5":3},"f":{},"b":{}}
,"C:\\Users\\matan\\OneDrive\\שולחן העבודה\\Shlomi staff\\other\\colman\\website tasks\\internatiot\\colman-web-applications-assignments\\src\\app.ts": {"path":"C:\\Users\\matan\\OneDrive\\שולחן העבודה\\Shlomi staff\\other\\colman\\website tasks\\internatiot\\colman-web-applications-assignments\\src\\app.ts","statementMap":{"0":{"start":{"line":1,"column":0},"end":{"line":1,"column":43}},"1":{"start":{"line":2,"column":0},"end":{"line":2,"column":32}},"2":{"start":{"line":3,"column":0},"end":{"line":3,"column":28}},"3":{"start":{"line":4,"column":0},"end":{"line":4,"column":52}},"4":{"start":{"line":7,"column":0},"end":{"line":7,"column":39}},"5":{"start":{"line":8,"column":0},"end":{"line":8,"column":41}},"6":{"start":{"line":9,"column":0},"end":{"line":9,"column":41}},"7":{"start":{"line":10,"column":0},"end":{"line":10,"column":47}},"8":{"start":{"line":12,"column":0},"end":{"line":12,"column":16}},"9":{"start":{"line":14,"column":21},"end":{"line":14,"column":30}},"10":{"start":{"line":17,"column":25},"end":{"line":17,"column":87}},"11":{"start":{"line":19,"column":0},"end":{"line":19,"column":27}},"12":{"start":{"line":20,"column":32},"end":{"line":20,"column":51}},"13":{"start":{"line":22,"column":0},"end":{"line":22,"column":55}},"14":{"start":{"line":22,"column":33},"end":{"line":22,"column":53}},"15":{"start":{"line":23,"column":0},"end":{"line":23,"column":60}},"16":{"start":{"line":23,"column":22},"end":{"line":23,"column":58}},"17":{"start":{"line":26,"column":0},"end":{"line":26,"column":24}},"18":{"start":{"line":29,"column":0},"end":{"line":29,"column":62}},"19":{"start":{"line":32,"column":0},"end":{"line":32,"column":29}},"20":{"start":{"line":33,"column":0},"end":{"line":33,"column":31}},"21":{"start":{"line":34,"column":0},"end":{"line":34,"column":31}},"22":{"start":{"line":35,"column":0},"end":{"line":35,"column":37}},"23":{"start":{"line":37,"column":23},"end":{"line":40,"column":2}},"24":{"start":{"line":37,"column":52},"end":{"line":40,"column":2}},"25":{"start":{"line":38,"column":2},"end":{"line":38,"column":35}},"26":{"start":{"line":39,"column":2},"end":{"line":39,"column":13}},"27":{"start":{"line":37,"column":13},"end":{"line":37,"column":23}},"28":{"start":{"line":42,"column":0},"end":{"line":42,"column":19}}},"fnMap":{"0":{"name":"(anonymous_8)","decl":{"start":{"line":22,"column":15},"end":{"line":22,"column":16}},"loc":{"start":{"line":22,"column":33},"end":{"line":22,"column":53}}},"1":{"name":"(anonymous_9)","decl":{"start":{"line":23,"column":16},"end":{"line":23,"column":19}},"loc":{"start":{"line":23,"column":22},"end":{"line":23,"column":58}}},"2":{"name":"(anonymous_10)","decl":{"start":{"line":37,"column":23},"end":{"line":37,"column":50}},"loc":{"start":{"line":37,"column":52},"end":{"line":40,"column":2}}},"3":{"name":"(anonymous_11)","decl":{"start":{"line":37,"column":52},"end":{"line":37,"column":null}},"loc":{"start":{"line":37,"column":52},"end":{"line":40,"column":1}}}},"branchMap":{"0":{"loc":{"start":{"line":17,"column":25},"end":{"line":17,"column":87}},"type":"binary-expr","locations":[{"start":{"line":17,"column":25},"end":{"line":17,"column":48}},{"start":{"line":17,"column":52},"end":{"line":17,"column":87}}]}},"s":{"0":3,"1":3,"2":3,"3":3,"4":3,"5":3,"6":3,"7":3,"8":3,"9":3,"10":3,"11":3,"12":3,"13":3,"14":0,"15":3,"16":3,"17":3,"18":3,"19":3,"20":3,"21":3,"22":3,"23":3,"24":3,"25":3,"26":3,"27":3,"28":3},"f":{"0":0,"1":3,"2":3,"3":3},"b":{"0":[3,0]}}
,"C:\\Users\\matan\\OneDrive\\שולחן העבודה\\Shlomi staff\\other\\colman\\website tasks\\internatiot\\colman-web-applications-assignments\\src\\controllers\\authController.ts": {"path":"C:\\Users\\matan\\OneDrive\\שולחן העבודה\\Shlomi staff\\other\\colman\\website tasks\\internatiot\\colman-web-applications-assignments\\src\\controllers\\authController.ts","statementMap":{"0":{"start":{"line":2,"column":0},"end":{"line":2,"column":38}},"1":{"start":{"line":5,"column":0},"end":{"line":5,"column":30}},"2":{"start":{"line":6,"column":0},"end":{"line":6,"column":31}},"3":{"start":{"line":11,"column":17},"end":{"line":27,"column":2}},"4":{"start":{"line":11,"column":55},"end":{"line":27,"column":2}},"5":{"start":{"line":12,"column":4},"end":{"line":26,"column":5}},"6":{"start":{"line":13,"column":25},"end":{"line":13,"column":42}},"7":{"start":{"line":14,"column":21},"end":{"line":14,"column":45}},"8":{"start":{"line":15,"column":31},"end":{"line":15,"column":64}},"9":{"start":{"line":17,"column":21},"end":{"line":21,"column":10}},"10":{"start":{"line":23,"column":8},"end":{"line":23,"column":35}},"11":{"start":{"line":25,"column":8},"end":{"line":25,"column":34}},"12":{"start":{"line":208,"column":4},"end":{"line":208,"column":12}},"13":{"start":{"line":29,"column":14},"end":{"line":73,"column":2}},"14":{"start":{"line":29,"column":52},"end":{"line":73,"column":2}},"15":{"start":{"line":30,"column":4},"end":{"line":72,"column":5}},"16":{"start":{"line":32,"column":21},"end":{"line":32,"column":66}},"17":{"start":{"line":34,"column":8},"end":{"line":37,"column":9}},"18":{"start":{"line":35,"column":12},"end":{"line":35,"column":63}},"19":{"start":{"line":36,"column":12},"end":{"line":36,"column":19}},"20":{"start":{"line":39,"column":30},"end":{"line":39,"column":84}},"21":{"start":{"line":41,"column":8},"end":{"line":44,"column":9}},"22":{"start":{"line":42,"column":12},"end":{"line":42,"column":63}},"23":{"start":{"line":43,"column":12},"end":{"line":43,"column":19}},"24":{"start":{"line":46,"column":8},"end":{"line":49,"column":9}},"25":{"start":{"line":47,"column":12},"end":{"line":47,"column":49}},"26":{"start":{"line":48,"column":12},"end":{"line":48,"column":19}},"27":{"start":{"line":52,"column":23},"end":{"line":52,"column":46}},"28":{"start":{"line":53,"column":8},"end":{"line":56,"column":9}},"29":{"start":{"line":54,"column":12},"end":{"line":54,"column":49}},"30":{"start":{"line":55,"column":12},"end":{"line":55,"column":19}},"31":{"start":{"line":57,"column":8},"end":{"line":59,"column":9}},"32":{"start":{"line":58,"column":12},"end":{"line":58,"column":35}},"33":{"start":{"line":61,"column":8},"end":{"line":61,"column":52}},"34":{"start":{"line":62,"column":8},"end":{"line":62,"column":26}},"35":{"start":{"line":64,"column":8},"end":{"line":68,"column":11}},"36":{"start":{"line":71,"column":8},"end":{"line":71,"column":34}},"37":{"start":{"line":209,"column":4},"end":{"line":209,"column":9}},"38":{"start":{"line":75,"column":15},"end":{"line":84,"column":2}},"39":{"start":{"line":75,"column":53},"end":{"line":84,"column":2}},"40":{"start":{"line":76,"column":4},"end":{"line":83,"column":5}},"41":{"start":{"line":77,"column":21},"end":{"line":77,"column":68}},"42":{"start":{"line":78,"column":8},"end":{"line":78,"column":26}},"43":{"start":{"line":80,"column":8},"end":{"line":80,"column":40}},"44":{"start":{"line":82,"column":8},"end":{"line":82,"column":37}},"45":{"start":{"line":212,"column":4},"end":{"line":212,"column":10}},"46":{"start":{"line":94,"column":22},"end":{"line":117,"column":1}},"47":{"start":{"line":95,"column":4},"end":{"line":97,"column":5}},"48":{"start":{"line":96,"column":8},"end":{"line":96,"column":20}},"49":{"start":{"line":99,"column":19},"end":{"line":99,"column":43}},"50":{"start":{"line":100,"column":24},"end":{"line":105,"column":49}},"51":{"start":{"line":107,"column":25},"end":{"line":112,"column":57}},"52":{"start":{"line":113,"column":4},"end":{"line":116,"column":6}},"53":{"start":{"line":119,"column":16},"end":{"line":147,"column":2}},"54":{"start":{"line":119,"column":54},"end":{"line":147,"column":2}},"55":{"start":{"line":120,"column":4},"end":{"line":146,"column":5}},"56":{"start":{"line":121,"column":21},"end":{"line":121,"column":68}},"57":{"start":{"line":122,"column":8},"end":{"line":125,"column":9}},"58":{"start":{"line":123,"column":12},"end":{"line":123,"column":41}},"59":{"start":{"line":124,"column":12},"end":{"line":124,"column":19}},"60":{"start":{"line":126,"column":23},"end":{"line":126,"column":46}},"61":{"start":{"line":128,"column":8},"end":{"line":131,"column":9}},"62":{"start":{"line":129,"column":12},"end":{"line":129,"column":49}},"63":{"start":{"line":130,"column":12},"end":{"line":130,"column":19}},"64":{"start":{"line":132,"column":8},"end":{"line":134,"column":9}},"65":{"start":{"line":133,"column":12},"end":{"line":133,"column":35}},"66":{"start":{"line":135,"column":8},"end":{"line":135,"column":52}},"67":{"start":{"line":136,"column":8},"end":{"line":136,"column":26}},"68":{"start":{"line":137,"column":8},"end":{"line":142,"column":15}},"69":{"start":{"line":145,"column":8},"end":{"line":145,"column":37}},"70":{"start":{"line":210,"column":4},"end":{"line":210,"column":11}},"71":{"start":{"line":154,"column":27},"end":{"line":203,"column":1}},"72":{"start":{"line":155,"column":4},"end":{"line":202,"column":7}},"73":{"start":{"line":158,"column":8},"end":{"line":161,"column":9}},"74":{"start":{"line":159,"column":12},"end":{"line":159,"column":27}},"75":{"start":{"line":160,"column":12},"end":{"line":160,"column":19}},"76":{"start":{"line":164,"column":8},"end":{"line":167,"column":9}},"77":{"start":{"line":165,"column":12},"end":{"line":165,"column":27}},"78":{"start":{"line":166,"column":12},"end":{"line":166,"column":19}},"79":{"start":{"line":169,"column":8},"end":{"line":201,"column":11}},"80":{"start":{"line":169,"column":92},"end":{"line":201,"column":10}},"81":{"start":{"line":170,"column":12},"end":{"line":173,"column":13}},"82":{"start":{"line":171,"column":16},"end":{"line":171,"column":31}},"83":{"start":{"line":172,"column":16},"end":{"line":172,"column":22}},"84":{"start":{"line":176,"column":27},"end":{"line":176,"column":38}},"85":{"start":{"line":177,"column":12},"end":{"line":200,"column":13}},"86":{"start":{"line":179,"column":29},"end":{"line":179,"column":56}},"87":{"start":{"line":181,"column":16},"end":{"line":184,"column":17}},"88":{"start":{"line":182,"column":20},"end":{"line":182,"column":35}},"89":{"start":{"line":183,"column":20},"end":{"line":183,"column":27}},"90":{"start":{"line":186,"column":16},"end":{"line":191,"column":17}},"91":{"start":{"line":187,"column":20},"end":{"line":187,"column":43}},"92":{"start":{"line":188,"column":20},"end":{"line":188,"column":38}},"93":{"start":{"line":189,"column":20},"end":{"line":189,"column":35}},"94":{"start":{"line":190,"column":20},"end":{"line":190,"column":27}},"95":{"start":{"line":193,"column":31},"end":{"line":193,"column":91}},"96":{"start":{"line":193,"column":68},"end":{"line":193,"column":90}},"97":{"start":{"line":194,"column":16},"end":{"line":194,"column":43}},"98":{"start":{"line":196,"column":16},"end":{"line":196,"column":30}},"99":{"start":{"line":198,"column":16},"end":{"line":198,"column":31}},"100":{"start":{"line":199,"column":16},"end":{"line":199,"column":23}},"101":{"start":{"line":211,"column":4},"end":{"line":211,"column":22}}},"fnMap":{"0":{"name":"(anonymous_8)","decl":{"start":{"line":11,"column":17},"end":{"line":11,"column":24}},"loc":{"start":{"line":11,"column":55},"end":{"line":27,"column":2}}},"1":{"name":"(anonymous_9)","decl":{"start":{"line":11,"column":55},"end":{"line":11,"column":null}},"loc":{"start":{"line":11,"column":55},"end":{"line":27,"column":1}}},"2":{"name":"(anonymous_10)","decl":{"start":{"line":29,"column":14},"end":{"line":29,"column":21}},"loc":{"start":{"line":29,"column":52},"end":{"line":73,"column":2}}},"3":{"name":"(anonymous_11)","decl":{"start":{"line":29,"column":52},"end":{"line":29,"column":null}},"loc":{"start":{"line":29,"column":52},"end":{"line":73,"column":1}}},"4":{"name":"(anonymous_12)","decl":{"start":{"line":75,"column":15},"end":{"line":75,"column":22}},"loc":{"start":{"line":75,"column":53},"end":{"line":84,"column":2}}},"5":{"name":"(anonymous_13)","decl":{"start":{"line":75,"column":53},"end":{"line":75,"column":null}},"loc":{"start":{"line":75,"column":53},"end":{"line":84,"column":1}}},"6":{"name":"(anonymous_14)","decl":{"start":{"line":94,"column":22},"end":{"line":94,"column":23}},"loc":{"start":{"line":94,"column":57},"end":{"line":117,"column":1}}},"7":{"name":"(anonymous_15)","decl":{"start":{"line":119,"column":16},"end":{"line":119,"column":23}},"loc":{"start":{"line":119,"column":54},"end":{"line":147,"column":2}}},"8":{"name":"(anonymous_16)","decl":{"start":{"line":119,"column":54},"end":{"line":119,"column":null}},"loc":{"start":{"line":119,"column":54},"end":{"line":147,"column":1}}},"9":{"name":"(anonymous_17)","decl":{"start":{"line":154,"column":27},"end":{"line":154,"column":28}},"loc":{"start":{"line":154,"column":64},"end":{"line":203,"column":1}}},"10":{"name":"(anonymous_18)","decl":{"start":{"line":155,"column":30},"end":{"line":155,"column":31}},"loc":{"start":{"line":155,"column":50},"end":{"line":202,"column":5}}},"11":{"name":"(anonymous_19)","decl":{"start":{"line":169,"column":59},"end":{"line":169,"column":66}},"loc":{"start":{"line":169,"column":92},"end":{"line":201,"column":10}}},"12":{"name":"(anonymous_20)","decl":{"start":{"line":169,"column":92},"end":{"line":169,"column":null}},"loc":{"start":{"line":169,"column":92},"end":{"line":201,"column":9}}},"13":{"name":"(anonymous_21)","decl":{"start":{"line":193,"column":57},"end":{"line":193,"column":58}},"loc":{"start":{"line":193,"column":68},"end":{"line":193,"column":90}}}},"branchMap":{"0":{"loc":{"start":{"line":34,"column":8},"end":{"line":37,"column":9}},"type":"if","locations":[{"start":{"line":34,"column":8},"end":{"line":37,"column":9}}]},"1":{"loc":{"start":{"line":41,"column":8},"end":{"line":44,"column":9}},"type":"if","locations":[{"start":{"line":41,"column":8},"end":{"line":44,"column":9}}]},"2":{"loc":{"start":{"line":46,"column":8},"end":{"line":49,"column":9}},"type":"if","locations":[{"start":{"line":46,"column":8},"end":{"line":49,"column":9}}]},"3":{"loc":{"start":{"line":53,"column":8},"end":{"line":56,"column":9}},"type":"if","locations":[{"start":{"line":53,"column":8},"end":{"line":56,"column":9}}]},"4":{"loc":{"start":{"line":57,"column":8},"end":{"line":59,"column":9}},"type":"if","locations":[{"start":{"line":57,"column":8},"end":{"line":59,"column":9}}]},"5":{"loc":{"start":{"line":95,"column":4},"end":{"line":97,"column":5}},"type":"if","locations":[{"start":{"line":95,"column":4},"end":{"line":97,"column":5}}]},"6":{"loc":{"start":{"line":122,"column":8},"end":{"line":125,"column":9}},"type":"if","locations":[{"start":{"line":122,"column":8},"end":{"line":125,"column":9}}]},"7":{"loc":{"start":{"line":128,"column":8},"end":{"line":131,"column":9}},"type":"if","locations":[{"start":{"line":128,"column":8},"end":{"line":131,"column":9}}]},"8":{"loc":{"start":{"line":132,"column":8},"end":{"line":134,"column":9}},"type":"if","locations":[{"start":{"line":132,"column":8},"end":{"line":134,"column":9}}]},"9":{"loc":{"start":{"line":158,"column":8},"end":{"line":161,"column":9}},"type":"if","locations":[{"start":{"line":158,"column":8},"end":{"line":161,"column":9}}]},"10":{"loc":{"start":{"line":164,"column":8},"end":{"line":167,"column":9}},"type":"if","locations":[{"start":{"line":164,"column":8},"end":{"line":167,"column":9}}]},"11":{"loc":{"start":{"line":170,"column":12},"end":{"line":173,"column":13}},"type":"if","locations":[{"start":{"line":170,"column":12},"end":{"line":173,"column":13}}]},"12":{"loc":{"start":{"line":181,"column":16},"end":{"line":184,"column":17}},"type":"if","locations":[{"start":{"line":181,"column":16},"end":{"line":184,"column":17}}]},"13":{"loc":{"start":{"line":186,"column":16},"end":{"line":191,"column":17}},"type":"if","locations":[{"start":{"line":186,"column":16},"end":{"line":191,"column":17}}]},"14":{"loc":{"start":{"line":186,"column":20},"end":{"line":186,"column":83}},"type":"binary-expr","locations":[{"start":{"line":186,"column":20},"end":{"line":186,"column":38}},{"start":{"line":186,"column":42},"end":{"line":186,"column":83}}]}},"s":{"0":3,"1":3,"2":3,"3":3,"4":8,"5":8,"6":8,"7":8,"8":8,"9":6,"10":4,"11":4,"12":3,"13":3,"14":11,"15":11,"16":11,"17":11,"18":1,"19":1,"20":10,"21":9,"22":1,"23":1,"24":8,"25":1,"26":1,"27":7,"28":7,"29":0,"30":0,"31":7,"32":0,"33":7,"34":7,"35":7,"36":0,"37":3,"38":3,"39":3,"40":3,"41":3,"42":1,"43":1,"44":2,"45":3,"46":3,"47":9,"48":0,"49":9,"50":9,"51":9,"52":9,"53":3,"54":9,"55":9,"56":9,"57":2,"58":0,"59":0,"60":2,"61":2,"62":0,"63":0,"64":2,"65":0,"66":2,"67":2,"68":2,"69":7,"70":3,"71":3,"72":33,"73":33,"74":2,"75":2,"76":31,"77":1,"78":1,"79":30,"80":30,"81":30,"82":4,"83":4,"84":26,"85":26,"86":26,"87":26,"88":0,"89":0,"90":26,"91":3,"92":3,"93":3,"94":3,"95":23,"96":27,"97":23,"98":23,"99":0,"100":0,"101":3},"f":{"0":8,"1":8,"2":11,"3":11,"4":3,"5":3,"6":9,"7":9,"8":9,"9":33,"10":33,"11":30,"12":30,"13":27},"b":{"0":[1],"1":[1],"2":[1],"3":[0],"4":[0],"5":[0],"6":[0],"7":[0],"8":[0],"9":[2],"10":[1],"11":[4],"12":[0],"13":[3],"14":[26,26]}}
,"C:\\Users\\matan\\OneDrive\\שולחן העבודה\\Shlomi staff\\other\\colman\\website tasks\\internatiot\\colman-web-applications-assignments\\src\\controllers\\commentController.ts": {"path":"C:\\Users\\matan\\OneDrive\\שולחן העבודה\\Shlomi staff\\other\\colman\\website tasks\\internatiot\\colman-web-applications-assignments\\src\\controllers\\commentController.ts","statementMap":{"0":{"start":{"line":2,"column":0},"end":{"line":2,"column":32}},"1":{"start":{"line":5,"column":0},"end":{"line":5,"column":44}},"2":{"start":{"line":8,"column":22},"end":{"line":22,"column":2}},"3":{"start":{"line":8,"column":75},"end":{"line":22,"column":2}},"4":{"start":{"line":9,"column":4},"end":{"line":21,"column":5}},"5":{"start":{"line":10,"column":23},"end":{"line":10,"column":40}},"6":{"start":{"line":11,"column":25},"end":{"line":13,"column":null}},"7":{"start":{"line":16,"column":24},"end":{"line":16,"column":57}},"8":{"start":{"line":18,"column":8},"end":{"line":18,"column":38}},"9":{"start":{"line":20,"column":8},"end":{"line":20,"column":66}},"10":{"start":{"line":83,"column":4},"end":{"line":83,"column":17}},"11":{"start":{"line":24,"column":24},"end":{"line":33,"column":2}},"12":{"start":{"line":24,"column":77},"end":{"line":33,"column":2}},"13":{"start":{"line":25,"column":4},"end":{"line":32,"column":5}},"14":{"start":{"line":26,"column":23},"end":{"line":26,"column":65}},"15":{"start":{"line":27,"column":25},"end":{"line":27,"column":55}},"16":{"start":{"line":29,"column":8},"end":{"line":29,"column":27}},"17":{"start":{"line":31,"column":8},"end":{"line":31,"column":66}},"18":{"start":{"line":84,"column":4},"end":{"line":84,"column":19}},"19":{"start":{"line":35,"column":22},"end":{"line":56,"column":2}},"20":{"start":{"line":35,"column":75},"end":{"line":56,"column":2}},"21":{"start":{"line":36,"column":4},"end":{"line":55,"column":5}},"22":{"start":{"line":37,"column":26},"end":{"line":37,"column":39}},"23":{"start":{"line":38,"column":23},"end":{"line":38,"column":40}},"24":{"start":{"line":39,"column":46},"end":{"line":39,"column":54}},"25":{"start":{"line":41,"column":24},"end":{"line":44,"column":null}},"26":{"start":{"line":47,"column":8},"end":{"line":50,"column":9}},"27":{"start":{"line":48,"column":12},"end":{"line":48,"column":90}},"28":{"start":{"line":49,"column":12},"end":{"line":49,"column":19}},"29":{"start":{"line":52,"column":8},"end":{"line":52,"column":26}},"30":{"start":{"line":54,"column":8},"end":{"line":54,"column":66}},"31":{"start":{"line":85,"column":4},"end":{"line":85,"column":17}},"32":{"start":{"line":58,"column":22},"end":{"line":80,"column":2}},"33":{"start":{"line":58,"column":75},"end":{"line":80,"column":2}},"34":{"start":{"line":59,"column":4},"end":{"line":79,"column":5}},"35":{"start":{"line":60,"column":26},"end":{"line":60,"column":39}},"36":{"start":{"line":61,"column":23},"end":{"line":61,"column":40}},"37":{"start":{"line":62,"column":24},"end":{"line":62,"column":57}},"38":{"start":{"line":64,"column":8},"end":{"line":67,"column":9}},"39":{"start":{"line":65,"column":12},"end":{"line":65,"column":67}},"40":{"start":{"line":66,"column":12},"end":{"line":66,"column":19}},"41":{"start":{"line":69,"column":8},"end":{"line":72,"column":9}},"42":{"start":{"line":70,"column":12},"end":{"line":70,"column":92}},"43":{"start":{"line":71,"column":12},"end":{"line":71,"column":19}},"44":{"start":{"line":74,"column":8},"end":{"line":74,"column":52}},"45":{"start":{"line":76,"column":8},"end":{"line":76,"column":49}},"46":{"start":{"line":78,"column":8},"end":{"line":78,"column":66}},"47":{"start":{"line":86,"column":4},"end":{"line":86,"column":17}}},"fnMap":{"0":{"name":"(anonymous_8)","decl":{"start":{"line":8,"column":22},"end":{"line":8,"column":29}},"loc":{"start":{"line":8,"column":75},"end":{"line":22,"column":2}}},"1":{"name":"(anonymous_9)","decl":{"start":{"line":8,"column":75},"end":{"line":8,"column":null}},"loc":{"start":{"line":8,"column":75},"end":{"line":22,"column":1}}},"2":{"name":"(anonymous_10)","decl":{"start":{"line":24,"column":24},"end":{"line":24,"column":31}},"loc":{"start":{"line":24,"column":77},"end":{"line":33,"column":2}}},"3":{"name":"(anonymous_11)","decl":{"start":{"line":24,"column":77},"end":{"line":24,"column":null}},"loc":{"start":{"line":24,"column":77},"end":{"line":33,"column":1}}},"4":{"name":"(anonymous_12)","decl":{"start":{"line":35,"column":22},"end":{"line":35,"column":29}},"loc":{"start":{"line":35,"column":75},"end":{"line":56,"column":2}}},"5":{"name":"(anonymous_13)","decl":{"start":{"line":35,"column":75},"end":{"line":35,"column":null}},"loc":{"start":{"line":35,"column":75},"end":{"line":56,"column":1}}},"6":{"name":"(anonymous_14)","decl":{"start":{"line":58,"column":22},"end":{"line":58,"column":29}},"loc":{"start":{"line":58,"column":75},"end":{"line":80,"column":2}}},"7":{"name":"(anonymous_15)","decl":{"start":{"line":58,"column":75},"end":{"line":58,"column":null}},"loc":{"start":{"line":58,"column":75},"end":{"line":80,"column":1}}}},"branchMap":{"0":{"loc":{"start":{"line":47,"column":8},"end":{"line":50,"column":9}},"type":"if","locations":[{"start":{"line":47,"column":8},"end":{"line":50,"column":9}}]},"1":{"loc":{"start":{"line":64,"column":8},"end":{"line":67,"column":9}},"type":"if","locations":[{"start":{"line":64,"column":8},"end":{"line":67,"column":9}}]},"2":{"loc":{"start":{"line":69,"column":8},"end":{"line":72,"column":9}},"type":"if","locations":[{"start":{"line":69,"column":8},"end":{"line":72,"column":9}}]}},"s":{"0":3,"1":3,"2":3,"3":0,"4":0,"5":0,"6":0,"7":0,"8":0,"9":0,"10":3,"11":3,"12":0,"13":0,"14":0,"15":0,"16":0,"17":0,"18":3,"19":3,"20":0,"21":0,"22":0,"23":0,"24":0,"25":0,"26":0,"27":0,"28":0,"29":0,"30":0,"31":3,"32":3,"33":0,"34":0,"35":0,"36":0,"37":0,"38":0,"39":0,"40":0,"41":0,"42":0,"43":0,"44":0,"45":0,"46":0,"47":3},"f":{"0":0,"1":0,"2":0,"3":0,"4":0,"5":0,"6":0,"7":0},"b":{"0":[0],"1":[0],"2":[0]}}
,"C:\\Users\\matan\\OneDrive\\שולחן העבודה\\Shlomi staff\\other\\colman\\website tasks\\internatiot\\colman-web-applications-assignments\\src\\controllers\\postController.ts": {"path":"C:\\Users\\matan\\OneDrive\\שולחן העבודה\\Shlomi staff\\other\\colman\\website tasks\\internatiot\\colman-web-applications-assignments\\src\\controllers\\postController.ts","statementMap":{"0":{"start":{"line":4,"column":0},"end":{"line":4,"column":38}},"1":{"start":{"line":5,"column":0},"end":{"line":5,"column":44}},"2":{"start":{"line":18,"column":19},"end":{"line":31,"column":2}},"3":{"start":{"line":18,"column":76},"end":{"line":31,"column":2}},"4":{"start":{"line":19,"column":4},"end":{"line":30,"column":5}},"5":{"start":{"line":20,"column":23},"end":{"line":20,"column":40}},"6":{"start":{"line":21,"column":22},"end":{"line":23,"column":null}},"7":{"start":{"line":26,"column":21},"end":{"line":26,"column":48}},"8":{"start":{"line":27,"column":8},"end":{"line":27,"column":35}},"9":{"start":{"line":29,"column":8},"end":{"line":29,"column":66}},"10":{"start":{"line":118,"column":4},"end":{"line":118,"column":14}},"11":{"start":{"line":33,"column":20},"end":{"line":48,"column":2}},"12":{"start":{"line":33,"column":79},"end":{"line":48,"column":2}},"13":{"start":{"line":34,"column":4},"end":{"line":47,"column":5}},"14":{"start":{"line":35,"column":27},"end":{"line":35,"column":36}},"15":{"start":{"line":38,"column":8},"end":{"line":42,"column":9}},"16":{"start":{"line":39,"column":12},"end":{"line":39,"column":56}},"17":{"start":{"line":41,"column":12},"end":{"line":41,"column":38}},"18":{"start":{"line":44,"column":8},"end":{"line":44,"column":24}},"19":{"start":{"line":46,"column":8},"end":{"line":46,"column":66}},"20":{"start":{"line":119,"column":4},"end":{"line":119,"column":15}},"21":{"start":{"line":50,"column":20},"end":{"line":63,"column":2}},"22":{"start":{"line":50,"column":73},"end":{"line":63,"column":2}},"23":{"start":{"line":51,"column":4},"end":{"line":62,"column":5}},"24":{"start":{"line":52,"column":21},"end":{"line":52,"column":55}},"25":{"start":{"line":54,"column":8},"end":{"line":57,"column":9}},"26":{"start":{"line":55,"column":12},"end":{"line":55,"column":64}},"27":{"start":{"line":56,"column":12},"end":{"line":56,"column":19}},"28":{"start":{"line":59,"column":8},"end":{"line":59,"column":23}},"29":{"start":{"line":61,"column":8},"end":{"line":61,"column":66}},"30":{"start":{"line":120,"column":4},"end":{"line":120,"column":15}},"31":{"start":{"line":65,"column":19},"end":{"line":90,"column":2}},"32":{"start":{"line":65,"column":72},"end":{"line":90,"column":2}},"33":{"start":{"line":66,"column":4},"end":{"line":89,"column":5}},"34":{"start":{"line":67,"column":43},"end":{"line":67,"column":51}},"35":{"start":{"line":68,"column":21},"end":{"line":68,"column":55}},"36":{"start":{"line":70,"column":8},"end":{"line":73,"column":9}},"37":{"start":{"line":71,"column":12},"end":{"line":71,"column":64}},"38":{"start":{"line":72,"column":12},"end":{"line":72,"column":19}},"39":{"start":{"line":75,"column":8},"end":{"line":78,"column":9}},"40":{"start":{"line":76,"column":12},"end":{"line":76,"column":92}},"41":{"start":{"line":77,"column":12},"end":{"line":77,"column":19}},"42":{"start":{"line":80,"column":28},"end":{"line":83,"column":null}},"43":{"start":{"line":86,"column":8},"end":{"line":86,"column":30}},"44":{"start":{"line":88,"column":8},"end":{"line":88,"column":66}},"45":{"start":{"line":121,"column":4},"end":{"line":121,"column":14}},"46":{"start":{"line":92,"column":19},"end":{"line":115,"column":2}},"47":{"start":{"line":92,"column":72},"end":{"line":115,"column":2}},"48":{"start":{"line":93,"column":4},"end":{"line":114,"column":5}},"49":{"start":{"line":94,"column":21},"end":{"line":94,"column":55}},"50":{"start":{"line":96,"column":8},"end":{"line":99,"column":9}},"51":{"start":{"line":97,"column":12},"end":{"line":97,"column":64}},"52":{"start":{"line":98,"column":12},"end":{"line":98,"column":19}},"53":{"start":{"line":101,"column":8},"end":{"line":104,"column":9}},"54":{"start":{"line":102,"column":12},"end":{"line":102,"column":92}},"55":{"start":{"line":103,"column":12},"end":{"line":103,"column":19}},"56":{"start":{"line":106,"column":8},"end":{"line":106,"column":52}},"57":{"start":{"line":109,"column":8},"end":{"line":109,"column":60}},"58":{"start":{"line":111,"column":8},"end":{"line":111,"column":71}},"59":{"start":{"line":113,"column":8},"end":{"line":113,"column":66}},"60":{"start":{"line":122,"column":4},"end":{"line":122,"column":14}}},"fnMap":{"0":{"name":"(anonymous_7)","decl":{"start":{"line":18,"column":19},"end":{"line":18,"column":26}},"loc":{"start":{"line":18,"column":76},"end":{"line":31,"column":2}}},"1":{"name":"(anonymous_8)","decl":{"start":{"line":18,"column":76},"end":{"line":18,"column":null}},"loc":{"start":{"line":18,"column":76},"end":{"line":31,"column":1}}},"2":{"name":"(anonymous_9)","decl":{"start":{"line":33,"column":20},"end":{"line":33,"column":27}},"loc":{"start":{"line":33,"column":79},"end":{"line":48,"column":2}}},"3":{"name":"(anonymous_10)","decl":{"start":{"line":33,"column":79},"end":{"line":33,"column":null}},"loc":{"start":{"line":33,"column":79},"end":{"line":48,"column":1}}},"4":{"name":"(anonymous_11)","decl":{"start":{"line":50,"column":20},"end":{"line":50,"column":27}},"loc":{"start":{"line":50,"column":73},"end":{"line":63,"column":2}}},"5":{"name":"(anonymous_12)","decl":{"start":{"line":50,"column":73},"end":{"line":50,"column":null}},"loc":{"start":{"line":50,"column":73},"end":{"line":63,"column":1}}},"6":{"name":"(anonymous_13)","decl":{"start":{"line":65,"column":19},"end":{"line":65,"column":26}},"loc":{"start":{"line":65,"column":72},"end":{"line":90,"column":2}}},"7":{"name":"(anonymous_14)","decl":{"start":{"line":65,"column":72},"end":{"line":65,"column":null}},"loc":{"start":{"line":65,"column":72},"end":{"line":90,"column":1}}},"8":{"name":"(anonymous_15)","decl":{"start":{"line":92,"column":19},"end":{"line":92,"column":26}},"loc":{"start":{"line":92,"column":72},"end":{"line":115,"column":2}}},"9":{"name":"(anonymous_16)","decl":{"start":{"line":92,"column":72},"end":{"line":92,"column":null}},"loc":{"start":{"line":92,"column":72},"end":{"line":115,"column":1}}}},"branchMap":{"0":{"loc":{"start":{"line":38,"column":8},"end":{"line":42,"column":9}},"type":"if","locations":[{"start":{"line":38,"column":8},"end":{"line":42,"column":9}},{"start":{"line":40,"column":15},"end":{"line":42,"column":9}}]},"1":{"loc":{"start":{"line":54,"column":8},"end":{"line":57,"column":9}},"type":"if","locations":[{"start":{"line":54,"column":8},"end":{"line":57,"column":9}}]},"2":{"loc":{"start":{"line":70,"column":8},"end":{"line":73,"column":9}},"type":"if","locations":[{"start":{"line":70,"column":8},"end":{"line":73,"column":9}}]},"3":{"loc":{"start":{"line":75,"column":8},"end":{"line":78,"column":9}},"type":"if","locations":[{"start":{"line":75,"column":8},"end":{"line":78,"column":9}}]},"4":{"loc":{"start":{"line":96,"column":8},"end":{"line":99,"column":9}},"type":"if","locations":[{"start":{"line":96,"column":8},"end":{"line":99,"column":9}}]},"5":{"loc":{"start":{"line":101,"column":8},"end":{"line":104,"column":9}},"type":"if","locations":[{"start":{"line":101,"column":8},"end":{"line":104,"column":9}}]}},"s":{"0":3,"1":3,"2":3,"3":6,"4":6,"5":6,"6":6,"7":6,"8":5,"9":1,"10":3,"11":3,"12":3,"13":3,"14":3,"15":3,"16":1,"17":2,"18":3,"19":0,"20":3,"21":3,"22":2,"23":2,"24":2,"25":2,"26":1,"27":1,"28":1,"29":0,"30":3,"31":3,"32":3,"33":3,"34":3,"35":3,"36":2,"37":2,"38":2,"39":0,"40":0,"41":0,"42":0,"43":0,"44":1,"45":3,"46":3,"47":5,"48":5,"49":5,"50":4,"51":3,"52":3,"53":1,"54":0,"55":0,"56":1,"57":1,"58":1,"59":1,"60":3},"f":{"0":6,"1":6,"2":3,"3":3,"4":2,"5":2,"6":3,"7":3,"8":5,"9":5},"b":{"0":[1,2],"1":[1],"2":[2],"3":[0],"4":[3],"5":[0]}}
,"C:\\Users\\matan\\OneDrive\\שולחן העבודה\\Shlomi staff\\other\\colman\\website tasks\\internatiot\\colman-web-applications-assignments\\src\\middlewares\\authMiddleware.ts": {"path":"C:\\Users\\matan\\OneDrive\\שולחן העבודה\\Shlomi staff\\other\\colman\\website tasks\\internatiot\\colman-web-applications-assignments\\src\\middlewares\\authMiddleware.ts","statementMap":{"0":{"start":{"line":2,"column":0},"end":{"line":2,"column":31}},"1":{"start":{"line":3,"column":0},"end":{"line":3,"column":76}},"2":{"start":{"line":9,"column":30},"end":{"line":48,"column":2}},"3":{"start":{"line":9,"column":88},"end":{"line":48,"column":2}},"4":{"start":{"line":10,"column":23},"end":{"line":10,"column":48}},"5":{"start":{"line":12,"column":4},"end":{"line":14,"column":5}},"6":{"start":{"line":13,"column":8},"end":{"line":13,"column":70}},"7":{"start":{"line":15,"column":4},"end":{"line":18,"column":5}},"8":{"start":{"line":16,"column":8},"end":{"line":16,"column":45}},"9":{"start":{"line":17,"column":8},"end":{"line":17,"column":15}},"10":{"start":{"line":20,"column":18},"end":{"line":20,"column":42}},"11":{"start":{"line":23,"column":4},"end":{"line":33,"column":5}},"12":{"start":{"line":24,"column":29},"end":{"line":24,"column":143}},"13":{"start":{"line":25,"column":21},"end":{"line":25,"column":59}},"14":{"start":{"line":26,"column":8},"end":{"line":29,"column":9}},"15":{"start":{"line":27,"column":12},"end":{"line":27,"column":55}},"16":{"start":{"line":28,"column":12},"end":{"line":28,"column":19}},"17":{"start":{"line":31,"column":8},"end":{"line":31,"column":37}},"18":{"start":{"line":32,"column":8},"end":{"line":32,"column":15}},"19":{"start":{"line":35,"column":4},"end":{"line":47,"column":7}},"20":{"start":{"line":35,"column":71},"end":{"line":47,"column":6}},"21":{"start":{"line":36,"column":8},"end":{"line":44,"column":9}},"22":{"start":{"line":37,"column":12},"end":{"line":42,"column":13}},"23":{"start":{"line":38,"column":16},"end":{"line":38,"column":71}},"24":{"start":{"line":39,"column":16},"end":{"line":39,"column":40}},"25":{"start":{"line":41,"column":16},"end":{"line":41,"column":54}},"26":{"start":{"line":43,"column":12},"end":{"line":43,"column":19}},"27":{"start":{"line":45,"column":8},"end":{"line":45,"column":53}},"28":{"start":{"line":46,"column":8},"end":{"line":46,"column":15}},"29":{"start":{"line":9,"column":13},"end":{"line":9,"column":30}}},"fnMap":{"0":{"name":"(anonymous_8)","decl":{"start":{"line":9,"column":30},"end":{"line":9,"column":37}},"loc":{"start":{"line":9,"column":88},"end":{"line":48,"column":2}}},"1":{"name":"(anonymous_9)","decl":{"start":{"line":9,"column":88},"end":{"line":9,"column":null}},"loc":{"start":{"line":9,"column":88},"end":{"line":48,"column":1}}},"2":{"name":"(anonymous_10)","decl":{"start":{"line":35,"column":48},"end":{"line":35,"column":55}},"loc":{"start":{"line":35,"column":71},"end":{"line":47,"column":6}}},"3":{"name":"(anonymous_11)","decl":{"start":{"line":35,"column":71},"end":{"line":35,"column":null}},"loc":{"start":{"line":35,"column":71},"end":{"line":47,"column":5}}}},"branchMap":{"0":{"loc":{"start":{"line":12,"column":4},"end":{"line":14,"column":5}},"type":"if","locations":[{"start":{"line":12,"column":4},"end":{"line":14,"column":5}}]},"1":{"loc":{"start":{"line":12,"column":8},"end":{"line":12,"column":91}},"type":"binary-expr","locations":[{"start":{"line":12,"column":8},"end":{"line":12,"column":19}},{"start":{"line":12,"column":23},"end":{"line":12,"column":56}},{"start":{"line":12,"column":60},"end":{"line":12,"column":91}}]},"2":{"loc":{"start":{"line":15,"column":4},"end":{"line":18,"column":5}},"type":"if","locations":[{"start":{"line":15,"column":4},"end":{"line":18,"column":5}}]},"3":{"loc":{"start":{"line":24,"column":29},"end":{"line":24,"column":143}},"type":"cond-expr","locations":[{"start":{"line":24,"column":77},"end":{"line":24,"column":110}},{"start":{"line":24,"column":113},"end":{"line":24,"column":143}}]},"4":{"loc":{"start":{"line":26,"column":8},"end":{"line":29,"column":9}},"type":"if","locations":[{"start":{"line":26,"column":8},"end":{"line":29,"column":9}}]},"5":{"loc":{"start":{"line":36,"column":8},"end":{"line":44,"column":9}},"type":"if","locations":[{"start":{"line":36,"column":8},"end":{"line":44,"column":9}}]},"6":{"loc":{"start":{"line":37,"column":12},"end":{"line":42,"column":13}},"type":"if","locations":[{"start":{"line":37,"column":12},"end":{"line":42,"column":13}},{"start":{"line":40,"column":19},"end":{"line":42,"column":13}}]}},"s":{"0":3,"1":3,"2":3,"3":24,"4":24,"5":24,"6":2,"7":22,"8":1,"9":1,"10":21,"11":21,"12":21,"13":21,"14":20,"15":0,"16":0,"17":1,"18":1,"19":20,"20":20,"21":20,"22":1,"23":0,"24":0,"25":1,"26":1,"27":19,"28":19,"29":3},"f":{"0":24,"1":24,"2":20,"3":20},"b":{"0":[2],"1":[24,22,22],"2":[1],"3":[0,21],"4":[0],"5":[1],"6":[0,1]}}
,"C:\\Users\\matan\\OneDrive\\שולחן העבודה\\Shlomi staff\\other\\colman\\website tasks\\internatiot\\colman-web-applications-assignments\\src\\models\\comment.ts": {"path":"C:\\Users\\matan\\OneDrive\\שולחן העבודה\\Shlomi staff\\other\\colman\\website tasks\\internatiot\\colman-web-applications-assignments\\src\\models\\comment.ts","statementMap":{"0":{"start":{"line":1,"column":0},"end":{"line":1,"column":32}},"1":{"start":{"line":4,"column":22},"end":{"line":20,"column":2}},"2":{"start":{"line":22,"column":13},"end":{"line":22,"column":74}}},"fnMap":{},"branchMap":{},"s":{"0":3,"1":3,"2":3},"f":{},"b":{}}
,"C:\\Users\\matan\\OneDrive\\שולחן העבודה\\Shlomi staff\\other\\colman\\website tasks\\internatiot\\colman-web-applications-assignments\\src\\models\\post.ts": {"path":"C:\\Users\\matan\\OneDrive\\שולחן העבודה\\Shlomi staff\\other\\colman\\website tasks\\internatiot\\colman-web-applications-assignments\\src\\models\\post.ts","statementMap":{"0":{"start":{"line":1,"column":0},"end":{"line":1,"column":32}},"1":{"start":{"line":4,"column":19},"end":{"line":19,"column":2}},"2":{"start":{"line":21,"column":13},"end":{"line":21,"column":62}}},"fnMap":{},"branchMap":{},"s":{"0":3,"1":3,"2":3},"f":{},"b":{}}
,"C:\\Users\\matan\\OneDrive\\שולחן העבודה\\Shlomi staff\\other\\colman\\website tasks\\internatiot\\colman-web-applications-assignments\\src\\models\\user.ts": {"path":"C:\\Users\\matan\\OneDrive\\שולחן העבודה\\Shlomi staff\\other\\colman\\website tasks\\internatiot\\colman-web-applications-assignments\\src\\models\\user.ts","statementMap":{"0":{"start":{"line":1,"column":0},"end":{"line":1,"column":32}},"1":{"start":{"line":4,"column":19},"end":{"line":24,"column":2}},"2":{"start":{"line":27,"column":13},"end":{"line":27,"column":62}}},"fnMap":{},"branchMap":{},"s":{"0":3,"1":3,"2":3},"f":{},"b":{}}
,"C:\\Users\\matan\\OneDrive\\שולחן העבודה\\Shlomi staff\\other\\colman\\website tasks\\internatiot\\colman-web-applications-assignments\\src\\routes\\auth.ts": {"path":"C:\\Users\\matan\\OneDrive\\שולחן העבודה\\Shlomi staff\\other\\colman\\website tasks\\internatiot\\colman-web-applications-assignments\\src\\routes\\auth.ts","statementMap":{"0":{"start":{"line":1,"column":0},"end":{"line":1,"column":42}},"1":{"start":{"line":2,"column":0},"end":{"line":2,"column":81}},"2":{"start":{"line":4,"column":23},"end":{"line":4,"column":39}},"3":{"start":{"line":35,"column":0},"end":{"line":35,"column":35}},"4":{"start":{"line":63,"column":0},"end":{"line":63,"column":29}},"5":{"start":{"line":91,"column":0},"end":{"line":91,"column":31}},"6":{"start":{"line":118,"column":0},"end":{"line":118,"column":33}},"7":{"start":{"line":120,"column":0},"end":{"line":120,"column":22}}},"fnMap":{},"branchMap":{},"s":{"0":3,"1":3,"2":3,"3":3,"4":3,"5":3,"6":3,"7":3},"f":{},"b":{}}
,"C:\\Users\\matan\\OneDrive\\שולחן העבודה\\Shlomi staff\\other\\colman\\website tasks\\internatiot\\colman-web-applications-assignments\\src\\routes\\comments.ts": {"path":"C:\\Users\\matan\\OneDrive\\שולחן העבודה\\Shlomi staff\\other\\colman\\website tasks\\internatiot\\colman-web-applications-assignments\\src\\routes\\comments.ts","statementMap":{"0":{"start":{"line":1,"column":0},"end":{"line":1,"column":42}},"1":{"start":{"line":2,"column":0},"end":{"line":2,"column":112}},"2":{"start":{"line":3,"column":0},"end":{"line":3,"column":63}},"3":{"start":{"line":5,"column":23},"end":{"line":5,"column":39}},"4":{"start":{"line":29,"column":0},"end":{"line":29,"column":52}},"5":{"start":{"line":62,"column":0},"end":{"line":62,"column":48}},"6":{"start":{"line":99,"column":0},"end":{"line":99,"column":50}},"7":{"start":{"line":127,"column":0},"end":{"line":127,"column":53}},"8":{"start":{"line":129,"column":0},"end":{"line":129,"column":22}}},"fnMap":{},"branchMap":{},"s":{"0":3,"1":3,"2":3,"3":3,"4":3,"5":3,"6":3,"7":3,"8":3},"f":{},"b":{}}
,"C:\\Users\\matan\\OneDrive\\שולחן העבודה\\Shlomi staff\\other\\colman\\website tasks\\internatiot\\colman-web-applications-assignments\\src\\routes\\posts.ts": {"path":"C:\\Users\\matan\\OneDrive\\שולחן העבודה\\Shlomi staff\\other\\colman\\website tasks\\internatiot\\colman-web-applications-assignments\\src\\routes\\posts.ts","statementMap":{"0":{"start":{"line":1,"column":0},"end":{"line":1,"column":42}},"1":{"start":{"line":2,"column":0},"end":{"line":2,"column":109}},"2":{"start":{"line":3,"column":0},"end":{"line":3,"column":63}},"3":{"start":{"line":5,"column":23},"end":{"line":5,"column":39}},"4":{"start":{"line":22,"column":0},"end":{"line":22,"column":45}},"5":{"start":{"line":48,"column":0},"end":{"line":48,"column":48}},"6":{"start":{"line":81,"column":0},"end":{"line":81,"column":45}},"7":{"start":{"line":120,"column":0},"end":{"line":120,"column":47}},"8":{"start":{"line":148,"column":0},"end":{"line":148,"column":50}},"9":{"start":{"line":150,"column":0},"end":{"line":150,"column":22}}},"fnMap":{},"branchMap":{},"s":{"0":3,"1":3,"2":3,"3":3,"4":3,"5":3,"6":3,"7":3,"8":3,"9":3},"f":{},"b":{}}
}
