TN:
SF:swaggerConfig.ts
FNF:0
FNH:0
DA:1,3
DA:2,3
DA:4,3
DA:21,3
DA:23,3
LF:5
LH:5
BRF:0
BRH:0
end_of_record
TN:
SF:src\app.ts
FN:22,(anonymous_8)
FN:23,(anonymous_9)
FN:37,(anonymous_10)
FN:37,(anonymous_11)
FNF:4
FNH:3
FNDA:0,(anonymous_8)
FNDA:3,(anonymous_9)
FNDA:3,(anonymous_10)
FNDA:3,(anonymous_11)
DA:1,3
DA:2,3
DA:3,3
DA:4,3
DA:7,3
DA:8,3
DA:9,3
DA:10,3
DA:12,3
DA:14,3
DA:17,3
DA:19,3
DA:20,3
DA:22,3
DA:23,3
DA:26,3
DA:29,3
DA:32,3
DA:33,3
DA:34,3
DA:35,3
DA:37,3
DA:38,3
DA:39,3
DA:42,3
LF:25
LH:25
BRDA:17,0,0,3
BRDA:17,0,1,0
BRF:2
BRH:1
end_of_record
TN:
SF:src\controllers\authController.ts
FN:11,(anonymous_8)
FN:11,(anonymous_9)
FN:29,(anonymous_10)
FN:29,(anonymous_11)
FN:75,(anonymous_12)
FN:75,(anonymous_13)
FN:94,(anonymous_14)
FN:119,(anonymous_15)
FN:119,(anonymous_16)
FN:154,(anonymous_17)
FN:155,(anonymous_18)
FN:169,(anonymous_19)
FN:169,(anonymous_20)
FN:193,(anonymous_21)
FNF:14
FNH:14
FNDA:8,(anonymous_8)
FNDA:8,(anonymous_9)
FNDA:11,(anonymous_10)
FNDA:11,(anonymous_11)
FNDA:3,(anonymous_12)
FNDA:3,(anonymous_13)
FNDA:9,(anonymous_14)
FNDA:9,(anonymous_15)
FNDA:9,(anonymous_16)
FNDA:33,(anonymous_17)
FNDA:33,(anonymous_18)
FNDA:30,(anonymous_19)
FNDA:30,(anonymous_20)
FNDA:27,(anonymous_21)
DA:2,3
DA:5,3
DA:6,3
DA:11,8
DA:12,8
DA:13,8
DA:14,8
DA:15,8
DA:17,6
DA:23,4
DA:25,4
DA:29,11
DA:30,11
DA:32,11
DA:34,11
DA:35,1
DA:36,1
DA:39,10
DA:41,9
DA:42,1
DA:43,1
DA:46,8
DA:47,1
DA:48,1
DA:52,7
DA:53,7
DA:54,0
DA:55,0
DA:57,7
DA:58,0
DA:61,7
DA:62,7
DA:64,7
DA:71,0
DA:75,3
DA:76,3
DA:77,3
DA:78,1
DA:80,1
DA:82,2
DA:94,3
DA:95,9
DA:96,0
DA:99,9
DA:100,9
DA:107,9
DA:113,9
DA:119,9
DA:120,9
DA:121,9
DA:122,2
DA:123,0
DA:124,0
DA:126,2
DA:128,2
DA:129,0
DA:130,0
DA:132,2
DA:133,0
DA:135,2
DA:136,2
DA:137,2
DA:145,7
DA:154,3
DA:155,33
DA:158,33
DA:159,2
DA:160,2
DA:164,31
DA:165,1
DA:166,1
DA:169,30
DA:170,30
DA:171,4
DA:172,4
DA:176,26
DA:177,26
DA:179,26
DA:181,26
DA:182,0
DA:183,0
DA:186,26
DA:187,3
DA:188,3
DA:189,3
DA:190,3
DA:193,27
DA:194,23
DA:196,23
DA:198,0
DA:199,0
DA:208,3
DA:209,3
DA:210,3
DA:211,3
DA:212,3
LF:96
LH:82
BRDA:34,0,0,1
BRDA:41,1,0,1
BRDA:46,2,0,1
BRDA:53,3,0,0
BRDA:57,4,0,0
BRDA:95,5,0,0
BRDA:122,6,0,0
BRDA:128,7,0,0
BRDA:132,8,0,0
BRDA:158,9,0,2
BRDA:164,10,0,1
BRDA:170,11,0,4
BRDA:181,12,0,0
BRDA:186,13,0,3
BRDA:186,14,0,26
BRDA:186,14,1,26
BRF:16
BRH:9
end_of_record
TN:
SF:src\controllers\commentController.ts
FN:8,(anonymous_8)
FN:8,(anonymous_9)
FN:24,(anonymous_10)
FN:24,(anonymous_11)
FN:35,(anonymous_12)
FN:35,(anonymous_13)
FN:58,(anonymous_14)
FN:58,(anonymous_15)
FNF:8
FNH:0
FNDA:0,(anonymous_8)
FNDA:0,(anonymous_9)
FNDA:0,(anonymous_10)
FNDA:0,(anonymous_11)
FNDA:0,(anonymous_12)
FNDA:0,(anonymous_13)
FNDA:0,(anonymous_14)
FNDA:0,(anonymous_15)
DA:2,3
DA:5,3
DA:8,3
DA:9,0
DA:10,0
DA:11,0
DA:16,0
DA:18,0
DA:20,0
DA:24,3
DA:25,0
DA:26,0
DA:27,0
DA:29,0
DA:31,0
DA:35,3
DA:36,0
DA:37,0
DA:38,0
DA:39,0
DA:41,0
DA:47,0
DA:48,0
DA:49,0
DA:52,0
DA:54,0
DA:58,3
DA:59,0
DA:60,0
DA:61,0
DA:62,0
DA:64,0
DA:65,0
DA:66,0
DA:69,0
DA:70,0
DA:71,0
DA:74,0
DA:76,0
DA:78,0
DA:83,3
DA:84,3
DA:85,3
DA:86,3
LF:44
LH:10
BRDA:47,0,0,0
BRDA:64,1,0,0
BRDA:69,2,0,0
BRF:3
BRH:0
end_of_record
TN:
SF:src\controllers\postController.ts
FN:18,(anonymous_7)
FN:18,(anonymous_8)
FN:33,(anonymous_9)
FN:33,(anonymous_10)
FN:50,(anonymous_11)
FN:50,(anonymous_12)
FN:65,(anonymous_13)
FN:65,(anonymous_14)
FN:92,(anonymous_15)
FN:92,(anonymous_16)
FNF:10
FNH:10
FNDA:6,(anonymous_7)
FNDA:6,(anonymous_8)
FNDA:3,(anonymous_9)
FNDA:3,(anonymous_10)
FNDA:2,(anonymous_11)
FNDA:2,(anonymous_12)
FNDA:3,(anonymous_13)
FNDA:3,(anonymous_14)
FNDA:5,(anonymous_15)
FNDA:5,(anonymous_16)
DA:4,3
DA:5,3
DA:18,6
DA:19,6
DA:20,6
DA:21,6
DA:26,6
DA:27,5
DA:29,1
DA:33,3
DA:34,3
DA:35,3
DA:38,3
DA:39,1
DA:41,2
DA:44,3
DA:46,0
DA:50,3
DA:51,2
DA:52,2
DA:54,2
DA:55,1
DA:56,1
DA:59,1
DA:61,0
DA:65,3
DA:66,3
DA:67,3
DA:68,3
DA:70,2
DA:71,2
DA:72,2
DA:75,0
DA:76,0
DA:77,0
DA:80,0
DA:86,0
DA:88,1
DA:92,5
DA:93,5
DA:94,5
DA:96,4
DA:97,3
DA:98,3
DA:101,1
DA:102,0
DA:103,0
DA:106,1
DA:109,1
DA:111,1
DA:113,1
DA:118,3
DA:119,3
DA:120,3
DA:121,3
DA:122,3
LF:56
LH:47
BRDA:38,0,0,1
BRDA:38,0,1,2
BRDA:54,1,0,1
BRDA:70,2,0,2
BRDA:75,3,0,0
BRDA:96,4,0,3
BRDA:101,5,0,0
BRF:7
BRH:5
end_of_record
TN:
SF:src\middlewares\authMiddleware.ts
FN:9,(anonymous_8)
FN:9,(anonymous_9)
FN:35,(anonymous_10)
FN:35,(anonymous_11)
FNF:4
FNH:4
FNDA:24,(anonymous_8)
FNDA:24,(anonymous_9)
FNDA:20,(anonymous_10)
FNDA:20,(anonymous_11)
DA:2,3
DA:3,3
DA:9,24
DA:10,24
DA:12,24
DA:13,2
DA:15,22
DA:16,1
DA:17,1
DA:20,21
DA:23,21
DA:24,21
DA:25,21
DA:26,20
DA:27,0
DA:28,0
DA:31,1
DA:32,1
DA:35,20
DA:36,20
DA:37,1
DA:38,0
DA:39,0
DA:41,1
DA:43,1
DA:45,19
DA:46,19
LF:27
LH:23
BRDA:12,0,0,2
BRDA:12,1,0,24
BRDA:12,1,1,22
BRDA:12,1,2,22
BRDA:15,2,0,1
BRDA:24,3,0,0
BRDA:24,3,1,21
BRDA:26,4,0,0
BRDA:36,5,0,1
BRDA:37,6,0,0
BRDA:37,6,1,1
BRF:11
BRH:8
end_of_record
TN:
SF:src\models\comment.ts
FNF:0
FNH:0
DA:1,3
DA:4,3
DA:22,3
LF:3
LH:3
BRF:0
BRH:0
end_of_record
TN:
SF:src\models\post.ts
FNF:0
FNH:0
DA:1,3
DA:4,3
DA:21,3
LF:3
LH:3
BRF:0
BRH:0
end_of_record
TN:
SF:src\models\user.ts
FNF:0
FNH:0
DA:1,3
DA:4,3
DA:27,3
LF:3
LH:3
BRF:0
BRH:0
end_of_record
TN:
SF:src\routes\auth.ts
FNF:0
FNH:0
DA:1,3
DA:2,3
DA:4,3
DA:35,3
DA:63,3
DA:91,3
DA:118,3
DA:120,3
LF:8
LH:8
BRF:0
BRH:0
end_of_record
TN:
SF:src\routes\comments.ts
FNF:0
FNH:0
DA:1,3
DA:2,3
DA:3,3
DA:5,3
DA:29,3
DA:62,3
DA:99,3
DA:127,3
DA:129,3
LF:9
LH:9
BRF:0
BRH:0
end_of_record
TN:
SF:src\routes\posts.ts
FNF:0
FNH:0
DA:1,3
DA:2,3
DA:3,3
DA:5,3
DA:22,3
DA:48,3
DA:81,3
DA:120,3
DA:148,3
DA:150,3
LF:10
LH:10
BRF:0
BRH:0
end_of_record
